<?xml version="1.0" encoding="UTF-8"?>
<!-- Generated by org.testng.reporters.JUnitXMLReporter -->
<testsuite hostname="DESKTOP-SSCNS1D" ignored="13" name="Regression Test(failed)" tests="2" failures="2" timestamp="2021-08-02T15:43:18 IST" time="59.226" errors="0">
  <testcase name="verifyadddiagnosis" time="30.867" classname="com.qa.TestCases.ConsultTestPage">
    <failure type="org.openqa.selenium.ElementClickInterceptedException" message="element click intercepted: Element &amp;lt;label _ngcontent-bkb-c171=&amp;quot;&amp;quot; class=&amp;quot;consult-tags-view&amp;quot;&amp;gt;...&amp;lt;/label&amp;gt; is not clickable at point (699, 452). Other element would receive the click: &amp;lt;div class=&amp;quot;p-accordion-content ng-tns-c109-39&amp;quot;&amp;gt;...&amp;lt;/div&amp;gt;
  (Session info: chrome=92.0.4515.107)
Build info: version: &amp;apos;3.14.0&amp;apos;, revision: &amp;apos;aacccce0&amp;apos;, time: &amp;apos;2018-08-02T20:19:58.91Z&amp;apos;
System info: host: &amp;apos;DESKTOP-SSCNS1D&amp;apos;, ip: &amp;apos;192.168.0.103&amp;apos;, os.name: &amp;apos;Windows 10&amp;apos;, os.arch: &amp;apos;amd64&amp;apos;, os.version: &amp;apos;10.0&amp;apos;, java.version: &amp;apos;1.8.0_221&amp;apos;
Driver info: org.openqa.selenium.chrome.ChromeDriver
Capabilities {acceptInsecureCerts: false, browserName: chrome, browserVersion: 92.0.4515.107, chrome: {chromedriverVersion: 92.0.4515.43 (8c61b7e2989f2..., userDataDir: C:\Users\Dell\AppData\Local...}, goog:chromeOptions: {debuggerAddress: localhost:62135}, javascriptEnabled: true, networkConnectionEnabled: false, pageLoadStrategy: normal, platform: WINDOWS, platformName: WINDOWS, proxy: Proxy(), setWindowRect: true, strictFileInteractability: false, timeouts: {implicit: 0, pageLoad: 300000, script: 30000}, unhandledPromptBehavior: dismiss and notify, webauthn:extension:credBlob: true, webauthn:extension:largeBlob: true, webauthn:virtualAuthenticators: true}
Session ID: bd92e5342997db6e6ec1204cc455440f">
      <![CDATA[org.openqa.selenium.ElementClickInterceptedException: element click intercepted: Element <label _ngcontent-bkb-c171="" class="consult-tags-view">...</label> is not clickable at point (699, 452). Other element would receive the click: <div class="p-accordion-content ng-tns-c109-39">...</div>
  (Session info: chrome=92.0.4515.107)
Build info: version: '3.14.0', revision: 'aacccce0', time: '2018-08-02T20:19:58.91Z'
System info: host: 'DESKTOP-SSCNS1D', ip: '192.168.0.103', os.name: 'Windows 10', os.arch: 'amd64', os.version: '10.0', java.version: '1.8.0_221'
Driver info: org.openqa.selenium.chrome.ChromeDriver
Capabilities {acceptInsecureCerts: false, browserName: chrome, browserVersion: 92.0.4515.107, chrome: {chromedriverVersion: 92.0.4515.43 (8c61b7e2989f2..., userDataDir: C:\Users\Dell\AppData\Local...}, goog:chromeOptions: {debuggerAddress: localhost:62135}, javascriptEnabled: true, networkConnectionEnabled: false, pageLoadStrategy: normal, platform: WINDOWS, platformName: WINDOWS, proxy: Proxy(), setWindowRect: true, strictFileInteractability: false, timeouts: {implicit: 0, pageLoad: 300000, script: 30000}, unhandledPromptBehavior: dismiss and notify, webauthn:extension:credBlob: true, webauthn:extension:largeBlob: true, webauthn:virtualAuthenticators: true}
Session ID: bd92e5342997db6e6ec1204cc455440f
at org.openqa.selenium.remote.http.W3CHttpResponseCodec.createException(W3CHttpResponseCodec.java:187)
at org.openqa.selenium.remote.http.W3CHttpResponseCodec.decode(W3CHttpResponseCodec.java:122)
at org.openqa.selenium.remote.http.W3CHttpResponseCodec.decode(W3CHttpResponseCodec.java:49)
at org.openqa.selenium.remote.HttpCommandExecutor.execute(HttpCommandExecutor.java:158)
at org.openqa.selenium.remote.service.DriverCommandExecutor.execute(DriverCommandExecutor.java:83)
at org.openqa.selenium.remote.RemoteWebDriver.execute(RemoteWebDriver.java:548)
at org.openqa.selenium.remote.RemoteWebElement.execute(RemoteWebElement.java:276)
at org.openqa.selenium.remote.RemoteWebElement.click(RemoteWebElement.java:83)
at com.qa.pages.ConsultPage.addDiagnosis(ConsultPage.java:274)
at com.qa.pages.ConsultPage.diagnosisShowingSelected(ConsultPage.java:282)
at com.qa.TestCases.ConsultTestPage.verifyadddiagnosis(ConsultTestPage.java:91)
at java.util.ArrayList.forEach(ArrayList.java:1257)
... Removed 31 stack frames]]>
    </failure>
  </testcase> <!-- verifyadddiagnosis -->
  <testcase name="verifyaddAllergies" time="15.867" classname="com.qa.TestCases.ConsultTestPage">
    <failure type="org.openqa.selenium.ElementClickInterceptedException" message="element click intercepted: Element &amp;lt;label _ngcontent-bkb-c165=&amp;quot;&amp;quot; class=&amp;quot;consult-tags-view pointer&amp;quot;&amp;gt;...&amp;lt;/label&amp;gt; is not clickable at point (690, 365). Other element would receive the click: &amp;lt;label _ngcontent-bkb-c165=&amp;quot;&amp;quot; class=&amp;quot;consult-tags-view pointer&amp;quot;&amp;gt;...&amp;lt;/label&amp;gt;
  (Session info: chrome=92.0.4515.107)
Build info: version: &amp;apos;3.14.0&amp;apos;, revision: &amp;apos;aacccce0&amp;apos;, time: &amp;apos;2018-08-02T20:19:58.91Z&amp;apos;
System info: host: &amp;apos;DESKTOP-SSCNS1D&amp;apos;, ip: &amp;apos;192.168.0.103&amp;apos;, os.name: &amp;apos;Windows 10&amp;apos;, os.arch: &amp;apos;amd64&amp;apos;, os.version: &amp;apos;10.0&amp;apos;, java.version: &amp;apos;1.8.0_221&amp;apos;
Driver info: org.openqa.selenium.chrome.ChromeDriver
Capabilities {acceptInsecureCerts: false, browserName: chrome, browserVersion: 92.0.4515.107, chrome: {chromedriverVersion: 92.0.4515.43 (8c61b7e2989f2..., userDataDir: C:\Users\Dell\AppData\Local...}, goog:chromeOptions: {debuggerAddress: localhost:62135}, javascriptEnabled: true, networkConnectionEnabled: false, pageLoadStrategy: normal, platform: WINDOWS, platformName: WINDOWS, proxy: Proxy(), setWindowRect: true, strictFileInteractability: false, timeouts: {implicit: 0, pageLoad: 300000, script: 30000}, unhandledPromptBehavior: dismiss and notify, webauthn:extension:credBlob: true, webauthn:extension:largeBlob: true, webauthn:virtualAuthenticators: true}
Session ID: bd92e5342997db6e6ec1204cc455440f">
      <![CDATA[org.openqa.selenium.ElementClickInterceptedException: element click intercepted: Element <label _ngcontent-bkb-c165="" class="consult-tags-view pointer">...</label> is not clickable at point (690, 365). Other element would receive the click: <label _ngcontent-bkb-c165="" class="consult-tags-view pointer">...</label>
  (Session info: chrome=92.0.4515.107)
Build info: version: '3.14.0', revision: 'aacccce0', time: '2018-08-02T20:19:58.91Z'
System info: host: 'DESKTOP-SSCNS1D', ip: '192.168.0.103', os.name: 'Windows 10', os.arch: 'amd64', os.version: '10.0', java.version: '1.8.0_221'
Driver info: org.openqa.selenium.chrome.ChromeDriver
Capabilities {acceptInsecureCerts: false, browserName: chrome, browserVersion: 92.0.4515.107, chrome: {chromedriverVersion: 92.0.4515.43 (8c61b7e2989f2..., userDataDir: C:\Users\Dell\AppData\Local...}, goog:chromeOptions: {debuggerAddress: localhost:62135}, javascriptEnabled: true, networkConnectionEnabled: false, pageLoadStrategy: normal, platform: WINDOWS, platformName: WINDOWS, proxy: Proxy(), setWindowRect: true, strictFileInteractability: false, timeouts: {implicit: 0, pageLoad: 300000, script: 30000}, unhandledPromptBehavior: dismiss and notify, webauthn:extension:credBlob: true, webauthn:extension:largeBlob: true, webauthn:virtualAuthenticators: true}
Session ID: bd92e5342997db6e6ec1204cc455440f
at org.openqa.selenium.remote.http.W3CHttpResponseCodec.createException(W3CHttpResponseCodec.java:187)
at org.openqa.selenium.remote.http.W3CHttpResponseCodec.decode(W3CHttpResponseCodec.java:122)
at org.openqa.selenium.remote.http.W3CHttpResponseCodec.decode(W3CHttpResponseCodec.java:49)
at org.openqa.selenium.remote.HttpCommandExecutor.execute(HttpCommandExecutor.java:158)
at org.openqa.selenium.remote.service.DriverCommandExecutor.execute(DriverCommandExecutor.java:83)
at org.openqa.selenium.remote.RemoteWebDriver.execute(RemoteWebDriver.java:548)
at org.openqa.selenium.remote.RemoteWebElement.execute(RemoteWebElement.java:276)
at org.openqa.selenium.remote.RemoteWebElement.click(RemoteWebElement.java:83)
at com.qa.pages.ConsultPage.addAllergies(ConsultPage.java:426)
at com.qa.pages.ConsultPage.allergiesShowingSelected(ConsultPage.java:434)
at com.qa.TestCases.ConsultTestPage.verifyaddAllergies(ConsultTestPage.java:148)
at java.util.ArrayList.forEach(ArrayList.java:1257)
... Removed 31 stack frames]]>
    </failure>
  </testcase> <!-- verifyaddAllergies -->
  <testcase name="verifyaddChiefComplaint" time="0.0" classname="com.qa.TestCases.ConsultTestPage">
    <ignored/>
  </testcase> <!-- verifyaddChiefComplaint -->
  <testcase name="verifyaddPrescription" time="0.0" classname="com.qa.TestCases.ConsultTestPage">
    <ignored/>
  </testcase> <!-- verifyaddPrescription -->
  <testcase name="verifyAddNewTag" time="0.0" classname="com.qa.TestCases.ConsultTestPage">
    <ignored/>
  </testcase> <!-- verifyAddNewTag -->
  <testcase name="verifyaddCurrentMedication" time="0.0" classname="com.qa.TestCases.ConsultTestPage">
    <ignored/>
  </testcase> <!-- verifyaddCurrentMedication -->
  <testcase name="verifyaddcondition" time="0.0" classname="com.qa.TestCases.ConsultTestPage">
    <ignored/>
  </testcase> <!-- verifyaddcondition -->
  <testcase name="verifyaddVitals" time="0.0" classname="com.qa.TestCases.ConsultTestPage">
    <ignored/>
  </testcase> <!-- verifyaddVitals -->
  <testcase name="verifyaddMedicineFinding" time="0.0" classname="com.qa.TestCases.ConsultTestPage">
    <ignored/>
  </testcase> <!-- verifyaddMedicineFinding -->
  <testcase name="verifyDeleteTag" time="0.0" classname="com.qa.TestCases.ConsultTestPage">
    <ignored/>
  </testcase> <!-- verifyDeleteTag -->
  <testcase name="verifyaddInvestigation" time="0.0" classname="com.qa.TestCases.ConsultTestPage">
    <ignored/>
  </testcase> <!-- verifyaddInvestigation -->
  <testcase name="verifyaddSymptoms" time="0.0" classname="com.qa.TestCases.ConsultTestPage">
    <ignored/>
  </testcase> <!-- verifyaddSymptoms -->
  <testcase name="verifyaddFamilyMemberHistory" time="0.0" classname="com.qa.TestCases.ConsultTestPage">
    <ignored/>
  </testcase> <!-- verifyaddFamilyMemberHistory -->
  <testcase name="verifyaddExaminationFinding" time="0.0" classname="com.qa.TestCases.ConsultTestPage">
    <ignored/>
  </testcase> <!-- verifyaddExaminationFinding -->
  <testcase name="verifyaddInstruction" time="0.0" classname="com.qa.TestCases.ConsultTestPage">
    <ignored/>
  </testcase> <!-- verifyaddInstruction -->
</testsuite> <!-- Regression Test(failed) -->
