<?xml version="1.0" encoding="UTF-8"?>
<!-- Generated by org.testng.reporters.JUnitReportReporter -->
<testsuite skipped="10" hostname="DESKTOP-SSCNS1D" name="com.qa.TestCases.DronaClinicSetUpTestPage" tests="11" failures="0" timestamp="2021-08-06T18:24:50 IST" time="32.401" errors="1">
  <testcase name="verifyInclinicSlotLengthEdit" time="32.401" classname="com.qa.TestCases.DronaClinicSetUpTestPage">
    <error type="org.openqa.selenium.StaleElementReferenceException" message="stale element reference: element is not attached to the page document
  (Session info: chrome=92.0.4515.131)
For documentation on this error, please visit: http://seleniumhq.org/exceptions/stale_element_reference.html
Build info: version: &#039;3.14.0&#039;, revision: &#039;aacccce0&#039;, time: &#039;2018-08-02T20:19:58.91Z&#039;
System info: host: &#039;DESKTOP-SSCNS1D&#039;, ip: &#039;192.168.0.103&#039;, os.name: &#039;Windows 10&#039;, os.arch: &#039;amd64&#039;, os.version: &#039;10.0&#039;, java.version: &#039;1.8.0_221&#039;
Driver info: org.openqa.selenium.chrome.ChromeDriver
Capabilities {acceptInsecureCerts: false, browserName: chrome, browserVersion: 92.0.4515.131, chrome: {chromedriverVersion: 92.0.4515.43 (8c61b7e2989f2..., userDataDir: C:\Users\Dell\AppData\Local...}, goog:chromeOptions: {debuggerAddress: localhost:60318}, javascriptEnabled: true, networkConnectionEnabled: false, pageLoadStrategy: normal, platform: WINDOWS, platformName: WINDOWS, proxy: Proxy(), setWindowRect: true, strictFileInteractability: false, timeouts: {implicit: 0, pageLoad: 300000, script: 30000}, unhandledPromptBehavior: dismiss and notify, webauthn:extension:credBlob: true, webauthn:extension:largeBlob: true, webauthn:virtualAuthenticators: true}
Session ID: a7159276378f9c563f0b871d4810e096">
      <![CDATA[org.openqa.selenium.StaleElementReferenceException: stale element reference: element is not attached to the page document
  (Session info: chrome=92.0.4515.131)
For documentation on this error, please visit: http://seleniumhq.org/exceptions/stale_element_reference.html
Build info: version: '3.14.0', revision: 'aacccce0', time: '2018-08-02T20:19:58.91Z'
System info: host: 'DESKTOP-SSCNS1D', ip: '192.168.0.103', os.name: 'Windows 10', os.arch: 'amd64', os.version: '10.0', java.version: '1.8.0_221'
Driver info: org.openqa.selenium.chrome.ChromeDriver
Capabilities {acceptInsecureCerts: false, browserName: chrome, browserVersion: 92.0.4515.131, chrome: {chromedriverVersion: 92.0.4515.43 (8c61b7e2989f2..., userDataDir: C:\Users\Dell\AppData\Local...}, goog:chromeOptions: {debuggerAddress: localhost:60318}, javascriptEnabled: true, networkConnectionEnabled: false, pageLoadStrategy: normal, platform: WINDOWS, platformName: WINDOWS, proxy: Proxy(), setWindowRect: true, strictFileInteractability: false, timeouts: {implicit: 0, pageLoad: 300000, script: 30000}, unhandledPromptBehavior: dismiss and notify, webauthn:extension:credBlob: true, webauthn:extension:largeBlob: true, webauthn:virtualAuthenticators: true}
Session ID: a7159276378f9c563f0b871d4810e096
at sun.reflect.NativeConstructorAccessorImpl.newInstance0(Native Method)
at sun.reflect.NativeConstructorAccessorImpl.newInstance(NativeConstructorAccessorImpl.java:62)
at sun.reflect.DelegatingConstructorAccessorImpl.newInstance(DelegatingConstructorAccessorImpl.java:45)
at java.lang.reflect.Constructor.newInstance(Constructor.java:423)
at org.openqa.selenium.remote.http.W3CHttpResponseCodec.createException(W3CHttpResponseCodec.java:187)
at org.openqa.selenium.remote.http.W3CHttpResponseCodec.decode(W3CHttpResponseCodec.java:122)
at org.openqa.selenium.remote.http.W3CHttpResponseCodec.decode(W3CHttpResponseCodec.java:49)
at org.openqa.selenium.remote.HttpCommandExecutor.execute(HttpCommandExecutor.java:158)
at org.openqa.selenium.remote.service.DriverCommandExecutor.execute(DriverCommandExecutor.java:83)
at org.openqa.selenium.remote.RemoteWebDriver.execute(RemoteWebDriver.java:548)
at org.openqa.selenium.remote.RemoteWebDriver.executeScript(RemoteWebDriver.java:485)
at com.qa.utility.JavaScriptUtil.changeColor(JavaScriptUtil.java:28)
at com.qa.utility.JavaScriptUtil.flash(JavaScriptUtil.java:21)
at com.qa.utility.TestUtil.getElement(TestUtil.java:55)
at com.qa.pages.DronaClinicSetUpPage.editSlotLength(DronaClinicSetUpPage.java:335)
at com.qa.TestCases.DronaClinicSetUpTestPage.verifyInclinicSlotLengthEdit(DronaClinicSetUpTestPage.java:99)
at sun.reflect.NativeMethodAccessorImpl.invoke0(Native Method)
at sun.reflect.NativeMethodAccessorImpl.invoke(NativeMethodAccessorImpl.java:62)
at sun.reflect.DelegatingMethodAccessorImpl.invoke(DelegatingMethodAccessorImpl.java:43)
at java.lang.reflect.Method.invoke(Method.java:498)
at org.testng.internal.MethodInvocationHelper.invokeMethod(MethodInvocationHelper.java:132)
at org.testng.internal.TestInvoker.invokeMethod(TestInvoker.java:599)
at org.testng.internal.TestInvoker.invokeTestMethod(TestInvoker.java:174)
at org.testng.internal.MethodRunner.runInSequence(MethodRunner.java:46)
at org.testng.internal.TestInvoker$MethodInvocationAgent.invoke(TestInvoker.java:822)
at org.testng.internal.TestInvoker.invokeTestMethods(TestInvoker.java:147)
at org.testng.internal.TestMethodWorker.invokeTestMethods(TestMethodWorker.java:146)
at org.testng.internal.TestMethodWorker.run(TestMethodWorker.java:128)
at java.util.ArrayList.forEach(ArrayList.java:1257)
at org.testng.TestRunner.privateRun(TestRunner.java:764)
at org.testng.TestRunner.run(TestRunner.java:585)
at org.testng.SuiteRunner.runTest(SuiteRunner.java:384)
at org.testng.SuiteRunner.runSequentially(SuiteRunner.java:378)
at org.testng.SuiteRunner.privateRun(SuiteRunner.java:337)
at org.testng.SuiteRunner.run(SuiteRunner.java:286)
at org.testng.SuiteRunnerWorker.runSuite(SuiteRunnerWorker.java:53)
at org.testng.SuiteRunnerWorker.run(SuiteRunnerWorker.java:96)
at org.testng.TestNG.runSuitesSequentially(TestNG.java:1218)
at org.testng.TestNG.runSuitesLocally(TestNG.java:1140)
at org.testng.TestNG.runSuites(TestNG.java:1069)
at org.testng.TestNG.run(TestNG.java:1037)
at org.testng.remote.AbstractRemoteTestNG.run(AbstractRemoteTestNG.java:115)
at org.testng.remote.RemoteTestNG.initAndRun(RemoteTestNG.java:251)
at org.testng.remote.RemoteTestNG.main(RemoteTestNG.java:77)
]]>
    </error>
  </testcase> <!-- verifyInclinicSlotLengthEdit -->
  <system-out/>
  <testcase name="verifyDaySwitchTest" classname="com.qa.TestCases.DronaClinicSetUpTestPage">
    <skipped/>
  </testcase> <!-- verifyDaySwitchTest -->
  <system-out/>
  <testcase name="verifyDuplicateInClinicTiming" classname="com.qa.TestCases.DronaClinicSetUpTestPage">
    <skipped/>
  </testcase> <!-- verifyDuplicateInClinicTiming -->
  <system-out/>
  <testcase name="verifyNewSlotValidation" classname="com.qa.TestCases.DronaClinicSetUpTestPage">
    <skipped/>
  </testcase> <!-- verifyNewSlotValidation -->
  <system-out/>
  <testcase name="verifyInclinicScheduleDatePeriodEdit" classname="com.qa.TestCases.DronaClinicSetUpTestPage">
    <skipped/>
  </testcase> <!-- verifyInclinicScheduleDatePeriodEdit -->
  <system-out/>
  <testcase name="verifyInClinicSetUp" classname="com.qa.TestCases.DronaClinicSetUpTestPage">
    <skipped/>
  </testcase> <!-- verifyInClinicSetUp -->
  <system-out/>
  <testcase name="verifyDifferentClinicandDocTimeingValidation" classname="com.qa.TestCases.DronaClinicSetUpTestPage">
    <skipped/>
  </testcase> <!-- verifyDifferentClinicandDocTimeingValidation -->
  <system-out/>
  <testcase name="verifyCopyToAllTimeForOpenDay" classname="com.qa.TestCases.DronaClinicSetUpTestPage">
    <skipped/>
  </testcase> <!-- verifyCopyToAllTimeForOpenDay -->
  <system-out/>
  <testcase name="verifyvirtualScheduleSetUp" classname="com.qa.TestCases.DronaClinicSetUpTestPage">
    <skipped/>
  </testcase> <!-- verifyvirtualScheduleSetUp -->
  <system-out/>
  <testcase name="verifyFollowUpFeeEdit" classname="com.qa.TestCases.DronaClinicSetUpTestPage">
    <skipped/>
  </testcase> <!-- verifyFollowUpFeeEdit -->
  <system-out/>
  <testcase name="verifyConsulationFeeEdit" classname="com.qa.TestCases.DronaClinicSetUpTestPage">
    <skipped/>
  </testcase> <!-- verifyConsulationFeeEdit -->
  <system-out/>
</testsuite> <!-- com.qa.TestCases.DronaClinicSetUpTestPage -->
